<?xml version="1.0" encoding="UTF-8"?>
<!-- Generated by org.testng.reporters.JUnitReportReporter -->
<testsuite hostname="Anish" failures="0" tests="3" name="com.stc.test.ProfileTest" time="117.180" errors="0" timestamp="2024-07-15T12:08:15 IST" skipped="0">
  <testcase classname="com.stc.test.ProfileTest" name="SC_17_VerifyProfile" time="48.057"/>
  <system-out/>
  <testcase classname="com.stc.test.ProfileTest" name="SC_18_Setting" time="22.901"/>
  <system-out/>
  <testcase classname="com.stc.test.ProfileTest" name="SC_18_SettingNumberProperties" time="46.222"/>
  <system-out/>
</testsuite> <!-- com.stc.test.ProfileTest -->
