<?xml version="1.0" encoding="UTF-8"?>
<!-- Generated by org.testng.reporters.JUnitReportReporter -->
<testsuite hostname="Anish" failures="0" tests="2" name="com.stc.test.User_GetNewLineTest" time="131.077" errors="0" timestamp="2024-07-15T17:15:17 IST" skipped="0">
  <testcase classname="com.stc.test.User_GetNewLineTest" name="SC_08_User_Mobile_PrePaidScenario" time="84.293"/>
  <system-out/>
  <testcase classname="com.stc.test.User_GetNewLineTest" name="SC_09_User_Mobile_PostPaidScenario" time="46.784"/>
  <system-out/>
</testsuite> <!-- com.stc.test.User_GetNewLineTest -->
