<?xml version="1.0" encoding="UTF-8"?>
<!-- Generated by org.testng.reporters.JUnitReportReporter -->
<testsuite hostname="Anish" failures="0" tests="3" name="com.stc.test.guestTest" time="169.344" errors="0" timestamp="2024-07-15T12:08:15 IST" skipped="0">
  <testcase classname="com.stc.test.guestTest" name="eStore" time="76.671"/>
  <system-out/>
  <testcase classname="com.stc.test.guestTest" name="SC_12_QuickPayScenario" time="34.964"/>
  <system-out/>
  <testcase classname="com.stc.test.guestTest" name="SC_13_AddCardScenario" time="57.709"/>
  <system-out/>
</testsuite> <!-- com.stc.test.guestTest -->
