<?xml version="1.0" encoding="UTF-8"?>
<!-- Generated by org.testng.reporters.JUnitReportReporter -->
<testsuite hostname="Anish" failures="0" tests="2" name="com.stc.test.QitafTest" time="105.236" errors="0" timestamp="2024-08-25T15:53:01 IST" skipped="0">
  <testcase classname="com.stc.test.QitafTest" name="SC_14_Qitaf_Scenario" time="70.632"/>
  <system-out/>
  <testcase classname="com.stc.test.QitafTest" name="SC_16_Partners" time="34.604"/>
  <system-out/>
</testsuite> <!-- com.stc.test.QitafTest -->
