<?xml version="1.0" encoding="UTF-8"?>
<!-- Generated by org.testng.reporters.JUnitReportReporter -->
<testsuite hostname="Anish" failures="0" tests="2" name="com.stc.test.PayTest" time="176.918" errors="0" timestamp="2024-08-25T15:53:01 IST" skipped="0">
  <testcase classname="com.stc.test.PayTest" name="SC_04_SingleLine_PostPaid_Pay_Scenario" time="125.876"/>
  <system-out/>
  <testcase classname="com.stc.test.PayTest" name="SC_06_AddCard_Pay" time="51.042"/>
  <system-out/>
</testsuite> <!-- com.stc.test.PayTest -->
