<?xml version="1.0" encoding="UTF-8"?>
<!-- Generated by org.testng.reporters.JUnitReportReporter -->
<testsuite hostname="Anish" failures="0" tests="1" name="com.stc.test.PayTwoTest" time="44.876" errors="0" timestamp="2024-07-15T12:08:15 IST" skipped="0">
  <testcase classname="com.stc.test.PayTwoTest" name="SC_07_Prepaid_Pay" time="44.876"/>
  <system-out/>
</testsuite> <!-- com.stc.test.PayTwoTest -->
