<?xml version="1.0" encoding="UTF-8"?>
<!-- Generated by org.testng.reporters.JUnitReportReporter -->
<testsuite hostname="Anish" failures="0" tests="1" name="com.stc.test.GetNewLineTest2" time="159.442" errors="0" timestamp="2024-04-07T14:13:14 IST" skipped="0">
  <testcase classname="com.stc.test.GetNewLineTest2" name="SC_20_MobilePostPaidScenario" time="159.442"/>
  <system-out/>
</testsuite> <!-- com.stc.test.GetNewLineTest2 -->
