<?xml version="1.0" encoding="UTF-8"?>
<!-- Generated by org.testng.reporters.JUnitReportReporter -->
<testsuite hostname="Anish" failures="0" tests="2" name="com.stc.test.HomePayTest" time="138.313" errors="0" timestamp="2024-08-25T15:53:01 IST" skipped="0">
  <testcase classname="com.stc.test.HomePayTest" name="LoginUser_PostPaid_Pay" time="84.606"/>
  <system-out/>
  <testcase classname="com.stc.test.HomePayTest" name="AddCard_Pay" time="53.707"/>
  <system-out/>
</testsuite> <!-- com.stc.test.HomePayTest -->
