<?xml version="1.0" encoding="UTF-8"?>
<!-- Generated by org.testng.reporters.JUnitReportReporter -->
<testsuite hostname="Anish" failures="0" tests="1" name="com.stc.test.GetNewLine_Guest2" time="147.881" errors="0" timestamp="2024-08-25T15:53:01 IST" skipped="0">
  <testcase classname="com.stc.test.GetNewLine_Guest2" name="SC_20_Guest_Mobile_PostPaidScenario" time="147.881"/>
  <system-out/>
</testsuite> <!-- com.stc.test.GetNewLine_Guest2 -->
