<?xml version="1.0" encoding="UTF-8"?>
<!-- Generated by org.testng.reporters.JUnitReportReporter -->
<testsuite hostname="Anish" failures="0" tests="1" name="com.stc.test.GetNewLineTest4" time="56.658" errors="0" timestamp="2024-04-07T14:13:14 IST" skipped="0">
  <testcase classname="com.stc.test.GetNewLineTest4" name="SC_20_InternetPostpaidScenario" time="56.658"/>
  <system-out/>
</testsuite> <!-- com.stc.test.GetNewLineTest4 -->
