<?xml version="1.0" encoding="UTF-8"?>
<!-- Generated by org.testng.reporters.JUnitReportReporter -->
<testsuite hostname="Anish" failures="0" tests="1" name="com.stc.test.DashboardTest" time="129.033" errors="0" timestamp="2024-08-25T15:53:01 IST" skipped="0">
  <testcase classname="com.stc.test.DashboardTest" name="SC_01_PayAdvanceScenario" time="129.033"/>
  <system-out/>
</testsuite> <!-- com.stc.test.DashboardTest -->
