<?xml version="1.0" encoding="UTF-8"?>
<!-- Generated by org.testng.reporters.JUnitReportReporter -->
<testsuite hostname="Anish" failures="0" tests="1" name="com.stc.test.GetNewLine_Guest4" time="144.397" errors="0" timestamp="2024-08-25T15:53:01 IST" skipped="0">
  <testcase classname="com.stc.test.GetNewLine_Guest4" name="SC_20_Guest_Internet_PostpaidScenario" time="144.397"/>
  <system-out/>
</testsuite> <!-- com.stc.test.GetNewLine_Guest4 -->
