<?xml version="1.0" encoding="UTF-8"?>
<!-- Generated by org.testng.reporters.JUnitReportReporter -->
<testsuite hostname="Anish" failures="0" tests="1" name="com.stc.test.GetNewLine_Guest3" time="46.519" errors="0" timestamp="2024-07-15T17:47:01 IST" skipped="0">
  <testcase classname="com.stc.test.GetNewLine_Guest3" name="SC_20_Guest_Internet_PrepaidScenario" time="46.519"/>
  <system-out/>
</testsuite> <!-- com.stc.test.GetNewLine_Guest3 -->
