<?xml version="1.0" encoding="UTF-8"?>
<!-- Generated by org.testng.reporters.JUnitReportReporter -->
<testsuite hostname="Anish" failures="0" tests="2" name="com.stc.test.QitafTestTwo" time="71.219" errors="0" timestamp="2024-04-08T15:12:37 IST" skipped="0">
  <testcase classname="com.stc.test.QitafTestTwo" name="SC_14_Qitaf_Scenario" time="37.974"/>
  <system-out/>
  <testcase classname="com.stc.test.QitafTestTwo" name="SC_16_Partners" time="33.245"/>
  <system-out/>
</testsuite> <!-- com.stc.test.QitafTestTwo -->
