<?xml version="1.0" encoding="UTF-8"?>
<!-- Generated by org.testng.reporters.JUnitReportReporter -->
<testsuite hostname="Anish" failures="0" tests="1" name="com.stc.test.GetNewLine_Guest4" time="101.952" errors="0" timestamp="2024-07-15T12:08:15 IST" skipped="0">
  <testcase classname="com.stc.test.GetNewLine_Guest4" name="SC_20_Guest_Internet_PostpaidScenario" time="101.952"/>
  <system-out/>
</testsuite> <!-- com.stc.test.GetNewLine_Guest4 -->
