<?xml version="1.0" encoding="UTF-8"?>
<!-- Generated by org.testng.reporters.JUnitReportReporter -->
<testsuite hostname="Anish" failures="0" tests="1" name="com.stc.test.SettingTest" time="37.585" errors="0" timestamp="2024-04-08T16:20:29 IST" skipped="0">
  <testcase classname="com.stc.test.SettingTest" name="SC_18_Setting" time="37.585"/>
  <system-out/>
</testsuite> <!-- com.stc.test.SettingTest -->
