<?xml version="1.0" encoding="UTF-8"?>
<!-- Generated by org.testng.reporters.JUnitReportReporter -->
<testsuite hostname="Anish" failures="0" tests="2" name="com.stc.test.QitafTest" time="109.276" errors="0" timestamp="2024-07-15T12:08:15 IST" skipped="0">
  <testcase classname="com.stc.test.QitafTest" name="SC_14_Qitaf_Scenario" time="57.011"/>
  <system-out/>
  <testcase classname="com.stc.test.QitafTest" name="SC_16_Partners" time="52.265"/>
  <system-out/>
</testsuite> <!-- com.stc.test.QitafTest -->
