<?xml version="1.0" encoding="UTF-8"?>
<!-- Generated by org.testng.reporters.JUnitReportReporter -->
<testsuite hostname="Anish" failures="0" tests="1" name="com.stc.test.DashboardUsageTest" time="108.229" errors="0" timestamp="2024-08-25T15:53:01 IST" skipped="0">
  <testcase classname="com.stc.test.DashboardUsageTest" name="SC_02_PrepaidBalanceRecharge" time="108.229"/>
  <system-out/>
</testsuite> <!-- com.stc.test.DashboardUsageTest -->
