<?xml version="1.0" encoding="UTF-8"?>
<!-- Generated by org.testng.reporters.JUnitReportReporter -->
<testsuite hostname="Anish" failures="0" tests="1" name="com.stc.test.GetNewLineTest3" time="34.867" errors="0" timestamp="2024-04-07T14:13:14 IST" skipped="0">
  <testcase classname="com.stc.test.GetNewLineTest3" name="SC_20_InternetPrepaidScenario" time="34.867"/>
  <system-out/>
</testsuite> <!-- com.stc.test.GetNewLineTest3 -->
