<?xml version="1.0" encoding="UTF-8"?>
<!-- Generated by org.testng.reporters.JUnitReportReporter -->
<testsuite hostname="Anish" failures="0" tests="2" name="com.stc.test.HomePayTest" time="111.680" errors="0" timestamp="2024-07-15T12:08:15 IST" skipped="0">
  <testcase classname="com.stc.test.HomePayTest" name="LoginUser_PostPaid_Pay" time="86.578"/>
  <system-out/>
  <testcase classname="com.stc.test.HomePayTest" name="AddCard_Pay" time="25.102"/>
  <system-out/>
</testsuite> <!-- com.stc.test.HomePayTest -->
