<?xml version="1.0" encoding="UTF-8"?>
<!-- Generated by org.testng.reporters.JUnitReportReporter -->
<testsuite hostname="Anish" failures="0" tests="1" name="com.stc.test.DashboardTest" time="92.560" errors="0" timestamp="2024-07-15T17:02:15 IST" skipped="0">
  <testcase classname="com.stc.test.DashboardTest" name="SC_01_PayAdvanceScenario" time="92.560"/>
  <system-out/>
</testsuite> <!-- com.stc.test.DashboardTest -->
