<?xml version="1.0" encoding="UTF-8"?>
<!-- Generated by org.testng.reporters.JUnitReportReporter -->
<testsuite hostname="Anish" failures="0" tests="3" name="com.stc.test.guestTest" time="197.213" errors="0" timestamp="2024-08-25T15:53:01 IST" skipped="0">
  <testcase classname="com.stc.test.guestTest" name="eStore" time="73.464"/>
  <system-out/>
  <testcase classname="com.stc.test.guestTest" name="SC_12_QuickPayScenario" time="50.231"/>
  <system-out/>
  <testcase classname="com.stc.test.guestTest" name="SC_13_AddCardScenario" time="73.518"/>
  <system-out/>
</testsuite> <!-- com.stc.test.guestTest -->
