<?xml version="1.0" encoding="UTF-8"?>
<!-- Generated by org.testng.reporters.JUnitReportReporter -->
<testsuite hostname="Anish" failures="0" tests="1" name="com.stc.test.GetNewLineTest" time="35.288" errors="0" timestamp="2024-04-07T14:13:14 IST" skipped="0">
  <testcase classname="com.stc.test.GetNewLineTest" name="SC_19_MobilePrePaidScenario" time="35.288"/>
  <system-out/>
</testsuite> <!-- com.stc.test.GetNewLineTest -->
