<?xml version="1.0" encoding="UTF-8"?>
<!-- Generated by org.testng.reporters.JUnitReportReporter -->
<testsuite hostname="Anish" failures="0" tests="1" name="com.stc.test.BaityTest" time="49.013" errors="0" timestamp="2024-08-25T15:53:01 IST" skipped="0">
  <testcase classname="com.stc.test.BaityTest" name="Baity_Login" time="49.013"/>
  <system-out/>
</testsuite> <!-- com.stc.test.BaityTest -->
